[    0.000000] Linux version 4.15.0-141-generic (buildd@lcy01-amd64-022) (gcc version 7.5.0 (Ubuntu 7.5.0-3ubuntu1~18.04)) #145-Ubuntu SMP Wed Mar 24 18:08:07 UTC 2021 (Ubuntu 4.15.0-141.145-generic 4.15.18)
[    0.000000] Command line: BOOT_IMAGE=/boot/vmlinuz-4.15.0-141-generic root=LABEL=cloudimg-rootfs ro console=tty1 console=ttyS0
[    0.000000] KERNEL supported cpus:
[    0.000000]   Intel GenuineIntel
[    0.000000]   AMD AuthenticAMD
[    0.000000]   Centaur CentaurHauls
[    0.000000] x86/fpu: Supporting XSAVE feature 0x001: 'x87 floating point registers'
[    0.000000] x86/fpu: Supporting XSAVE feature 0x002: 'SSE registers'
[    0.000000] x86/fpu: Supporting XSAVE feature 0x004: 'AVX registers'
[    0.000000] x86/fpu: xstate_offset[2]:  576, xstate_sizes[2]:  256
[    0.000000] x86/fpu: Enabled xstate features 0x7, context size is 832 bytes, using 'standard' format.
[    0.000000] e820: BIOS-provided physical RAM map:
[    0.000000] BIOS-e820: [mem 0x0000000000000000-0x000000000009fbff] usable
[    0.000000] BIOS-e820: [mem 0x000000000009fc00-0x000000000009ffff] reserved
[    0.000000] BIOS-e820: [mem 0x00000000000f0000-0x00000000000fffff] reserved
[    0.000000] BIOS-e820: [mem 0x0000000000100000-0x000000003ffeffff] usable
[    0.000000] BIOS-e820: [mem 0x000000003fff0000-0x000000003fffffff] ACPI data
[    0.000000] BIOS-e820: [mem 0x00000000fec00000-0x00000000fec00fff] reserved
[    0.000000] BIOS-e820: [mem 0x00000000fee00000-0x00000000fee00fff] reserved
[    0.000000] BIOS-e820: [mem 0x00000000fffc0000-0x00000000ffffffff] reserved
[    0.000000] NX (Execute Disable) protection: active
[    0.000000] SMBIOS 2.5 present.
[    0.000000] DMI: innotek GmbH VirtualBox/VirtualBox, BIOS VirtualBox 12/01/2006
[    0.000000] Hypervisor detected: KVM
[    0.000000] e820: last_pfn = 0x3fff0 max_arch_pfn = 0x400000000
[    0.000000] MTRR: Disabled
[    0.000000] x86/PAT: MTRRs disabled, skipping PAT initialization too.
[    0.000000] CPU MTRRs all blank - virtualized system.
[    0.000000] x86/PAT: Configuration [0-7]: WB  WT  UC- UC  WB  WT  UC- UC  
[    0.000000] found SMP MP-table at [mem 0x0009fff0-0x0009ffff]
[    0.000000] Scanning 1 areas for low memory corruption
[    0.000000] RAMDISK: [mem 0x359cf000-0x36cdefff]
[    0.000000] ACPI: Early table checksum verification disabled
[    0.000000] ACPI: RSDP 0x00000000000E0000 000024 (v02 VBOX  )
[    0.000000] ACPI: XSDT 0x000000003FFF0030 00003C (v01 VBOX   VBOXXSDT 00000001 ASL  00000061)
[    0.000000] ACPI: FACP 0x000000003FFF00F0 0000F4 (v04 VBOX   VBOXFACP 00000001 ASL  00000061)
[    0.000000] ACPI: DSDT 0x000000003FFF0470 002325 (v02 VBOX   VBOXBIOS 00000002 INTL 20100528)
[    0.000000] ACPI: FACS 0x000000003FFF0200 000040
[    0.000000] ACPI: FACS 0x000000003FFF0200 000040
[    0.000000] ACPI: APIC 0x000000003FFF0240 00005C (v02 VBOX   VBOXAPIC 00000001 ASL  00000061)
[    0.000000] ACPI: SSDT 0x000000003FFF02A0 0001CC (v01 VBOX   VBOXCPUT 00000002 INTL 20100528)
[    0.000000] No NUMA configuration found
[    0.000000] Faking a node at [mem 0x0000000000000000-0x000000003ffeffff]
[    0.000000] NODE_DATA(0) allocated [mem 0x3ffc5000-0x3ffeffff]
[    0.000000] kvm-clock: cpu 0, msr 0:3ff44001, primary cpu clock
[    0.000000] kvm-clock: Using msrs 4b564d01 and 4b564d00
[    0.000000] kvm-clock: using sched offset of 5985033193 cycles
[    0.000000] clocksource: kvm-clock: mask: 0xffffffffffffffff max_cycles: 0x1cd42e4dffb, max_idle_ns: 881590591483 ns
[    0.000000] Zone ranges:
[    0.000000]   DMA      [mem 0x0000000000001000-0x0000000000ffffff]
[    0.000000]   DMA32    [mem 0x0000000001000000-0x000000003ffeffff]
[    0.000000]   Normal   empty
[    0.000000]   Device   empty
[    0.000000] Movable zone start for each node
[    0.000000] Early memory node ranges
[    0.000000]   node   0: [mem 0x0000000000001000-0x000000000009efff]
[    0.000000]   node   0: [mem 0x0000000000100000-0x000000003ffeffff]
[    0.000000] Reserved but unavailable: 98 pages
[    0.000000] Initmem setup node 0 [mem 0x0000000000001000-0x000000003ffeffff]
[    0.000000] ACPI: PM-Timer IO Port: 0x4008
[    0.000000] IOAPIC[0]: apic_id 2, version 32, address 0xfec00000, GSI 0-23
[    0.000000] ACPI: INT_SRC_OVR (bus 0 bus_irq 0 global_irq 2 dfl dfl)
[    0.000000] ACPI: INT_SRC_OVR (bus 0 bus_irq 9 global_irq 9 low level)
[    0.000000] Using ACPI (MADT) for SMP configuration information
[    0.000000] smpboot: Allowing 2 CPUs, 0 hotplug CPUs
[    0.000000] PM: Registered nosave memory: [mem 0x00000000-0x00000fff]
[    0.000000] PM: Registered nosave memory: [mem 0x0009f000-0x0009ffff]
[    0.000000] PM: Registered nosave memory: [mem 0x000a0000-0x000effff]
[    0.000000] PM: Registered nosave memory: [mem 0x000f0000-0x000fffff]
[    0.000000] e820: [mem 0x40000000-0xfebfffff] available for PCI devices
[    0.000000] Booting paravirtualized kernel on KVM
[    0.000000] clocksource: refined-jiffies: mask: 0xffffffff max_cycles: 0xffffffff, max_idle_ns: 7645519600211568 ns
[    0.000000] random: get_random_bytes called from start_kernel+0x99/0x500 with crng_init=0
[    0.000000] setup_percpu: NR_CPUS:8192 nr_cpumask_bits:2 nr_cpu_ids:2 nr_node_ids:1
[    0.000000] percpu: Embedded 45 pages/cpu s147456 r8192 d28672 u1048576
[    0.000000] PV qspinlock hash table entries: 256 (order: 0, 4096 bytes)
[    0.000000] Built 1 zonelists, mobility grouping on.  Total pages: 257913
[    0.000000] Policy zone: DMA32
[    0.000000] Kernel command line: BOOT_IMAGE=/boot/vmlinuz-4.15.0-141-generic root=LABEL=cloudimg-rootfs ro console=tty1 console=ttyS0
[    0.000000] Memory: 982720K/1048120K available (12300K kernel code, 2483K rwdata, 4316K rodata, 2444K init, 2724K bss, 65400K reserved, 0K cma-reserved)
[    0.000000] SLUB: HWalign=64, Order=0-3, MinObjects=0, CPUs=2, Nodes=1
[    0.000000] Kernel/User page tables isolation: enabled
[    0.000000] ftrace: allocating 39434 entries in 155 pages
[    0.004000] Hierarchical RCU implementation.
[    0.004000] 	RCU restricting CPUs from NR_CPUS=8192 to nr_cpu_ids=2.
[    0.004000] 	Tasks RCU enabled.
[    0.004000] RCU: Adjusting geometry for rcu_fanout_leaf=16, nr_cpu_ids=2
[    0.004000] NR_IRQS: 524544, nr_irqs: 440, preallocated irqs: 16
[    0.004000] Console: colour VGA+ 80x25
[    0.004000] console [tty1] enabled
[    0.004000] console [ttyS0] enabled
[    0.004000] ACPI: Core revision 20170831
[    0.004000] ACPI: 2 ACPI AML tables successfully acquired and loaded
[    0.004000] APIC: Switch to symmetric I/O mode setup
[    0.004000] x2apic enabled
[    0.004011] Switched APIC routing to physical x2apic.
[    0.012000] ..TIMER: vector=0x30 apic1=0 pin1=2 apic2=-1 pin2=-1
[    0.012006] tsc: Detected 2294.690 MHz processor
[    0.014134] Calibrating delay loop (skipped) preset value.. 4589.38 BogoMIPS (lpj=9178760)
[    0.016024] pid_max: default: 32768 minimum: 301
[    0.018163] Security Framework initialized
[    0.020007] Yama: becoming mindful.
[    0.021704] AppArmor: AppArmor initialized
[    0.028151] Dentry cache hash table entries: 131072 (order: 8, 1048576 bytes)
[    0.032150] Inode-cache hash table entries: 65536 (order: 7, 524288 bytes)
[    0.036043] Mount-cache hash table entries: 2048 (order: 2, 16384 bytes)
[    0.040013] Mountpoint-cache hash table entries: 2048 (order: 2, 16384 bytes)
[    0.044746] Last level iTLB entries: 4KB 1024, 2MB 1024, 4MB 1024
[    0.047452] Last level dTLB entries: 4KB 1024, 2MB 1024, 4MB 1024, 1GB 4
[    0.052007] Spectre V1 : Mitigation: usercopy/swapgs barriers and __user pointer sanitization
[    0.056006] Spectre V2 : Mitigation: Full generic retpoline
[    0.058463] Spectre V2 : Spectre v2 / SpectreRSB mitigation: Filling RSB on context switch
[    0.060004] Speculative Store Bypass: Vulnerable
[    0.064088] SRBDS: Unknown: Dependent on hypervisor status
[    0.066472] MDS: Mitigation: Clear CPU buffers
[    0.068557] Freeing SMP alternatives memory: 36K
[    0.183817] smpboot: CPU0: Intel(R) Core(TM) i5-4200U CPU @ 1.60GHz (family: 0x6, model: 0x45, stepping: 0x1)
[    0.184196] Performance Events: unsupported p6 CPU model 69 no PMU driver, software events only.
[    0.188072] Hierarchical SRCU implementation.
[    0.192716] NMI watchdog: Perf event create on CPU 0 failed with -2
[    0.195373] NMI watchdog: Perf NMI watchdog permanently disabled
[    0.196115] smp: Bringing up secondary CPUs ...
[    0.200301] x86: Booting SMP configuration:
[    0.202816] .... node  #0, CPUs:      #1
[    0.004000] kvm-clock: cpu 1, msr 0:3ff44041, secondary cpu clock
[    0.210246] smp: Brought up 1 node, 2 CPUs
[    0.212010] smpboot: Max logical packages: 1
[    0.213934] smpboot: Total of 2 processors activated (9178.76 BogoMIPS)
[    0.216366] devtmpfs: initialized
[    0.218315] x86/mm: Memory block size: 128MB
[    0.220616] evm: security.selinux
[    0.224008] evm: security.SMACK64
[    0.226084] evm: security.SMACK64EXEC
[    0.228010] evm: security.SMACK64TRANSMUTE
[    0.232006] evm: security.SMACK64MMAP
[    0.234387] evm: security.apparmor
[    0.236017] evm: security.ima
[    0.237964] evm: security.capability
[    0.240351] clocksource: jiffies: mask: 0xffffffff max_cycles: 0xffffffff, max_idle_ns: 7645041785100000 ns
[    0.244033] futex hash table entries: 512 (order: 3, 32768 bytes)
[    0.252000] pinctrl core: initialized pinctrl subsystem
[    0.252338] RTC time: 23:19:22, date: 04/15/21
[    0.256429] NET: Registered protocol family 16
[    0.258962] audit: initializing netlink subsys (disabled)
[    0.260061] audit: type=2000 audit(1618528769.678:1): state=initialized audit_enabled=0 res=1
[    0.264013] cpuidle: using governor ladder
[    0.268013] cpuidle: using governor menu
[    0.270089] ACPI: bus type PCI registered
[    0.272006] acpiphp: ACPI Hot Plug PCI Controller Driver version: 0.5
[    0.276173] PCI: Using configuration type 1 for base access
[    0.286297] HugeTLB registered 2.00 MiB page size, pre-allocated 0 pages
[    0.288178] ACPI: Added _OSI(Module Device)
[    0.292009] ACPI: Added _OSI(Processor Device)
[    0.294038] ACPI: Added _OSI(3.0 _SCP Extensions)
[    0.296005] ACPI: Added _OSI(Processor Aggregator Device)
[    0.300005] ACPI: Added _OSI(Linux-Dell-Video)
[    0.302017] ACPI: Added _OSI(Linux-Lenovo-NV-HDMI-Audio)
[    0.304005] ACPI: Added _OSI(Linux-HPI-Hybrid-Graphics)
[    0.306976] ACPI: Executed 1 blocks of module-level executable AML code
[    0.325106] ACPI: Interpreter enabled
[    0.326991] ACPI: (supports S0 S5)
[    0.328004] ACPI: Using IOAPIC for interrupt routing
[    0.333136] PCI: Using host bridge windows from ACPI; if necessary, use "pci=nocrs" and report a bug
[    0.336653] ACPI: Enabled 2 GPEs in block 00 to 07
[    0.364825] ACPI: PCI Root Bridge [PCI0] (domain 0000 [bus 00-ff])
[    0.367507] acpi PNP0A03:00: _OSC: OS supports [ASPM ClockPM Segments MSI]
[    0.373097] acpi PNP0A03:00: _OSC: not requesting OS control; OS requires [ExtendedConfig ASPM ClockPM MSI]
[    0.376032] acpi PNP0A03:00: fail to add MMCONFIG information, can't access extended PCI configuration space under this bridge.
[    0.384349] PCI host bridge to bus 0000:00
[    0.386211] pci_bus 0000:00: root bus resource [io  0x0000-0x0cf7 window]
[    0.388007] pci_bus 0000:00: root bus resource [io  0x0d00-0xffff window]
[    0.392009] pci_bus 0000:00: root bus resource [mem 0x000a0000-0x000bffff window]
[    0.395462] pci_bus 0000:00: root bus resource [mem 0x40000000-0xfdffffff window]
[    0.396007] pci_bus 0000:00: root bus resource [bus 00-ff]
[    0.406411] pci 0000:00:01.1: legacy IDE quirk: reg 0x10: [io  0x01f0-0x01f7]
[    0.408013] pci 0000:00:01.1: legacy IDE quirk: reg 0x14: [io  0x03f6]
[    0.412020] pci 0000:00:01.1: legacy IDE quirk: reg 0x18: [io  0x0170-0x0177]
[    0.416014] pci 0000:00:01.1: legacy IDE quirk: reg 0x1c: [io  0x0376]
[    0.459408] pci 0000:00:07.0: quirk: [io  0x4000-0x403f] claimed by PIIX4 ACPI
[    0.460030] pci 0000:00:07.0: quirk: [io  0x4100-0x410f] claimed by PIIX4 SMB
[    0.482029] ACPI: PCI Interrupt Link [LNKA] (IRQs 5 9 10 *11)
[    0.485430] ACPI: PCI Interrupt Link [LNKB] (IRQs 5 9 *10 11)
[    0.488395] ACPI: PCI Interrupt Link [LNKC] (IRQs 5 *9 10 11)
[    0.492364] ACPI: PCI Interrupt Link [LNKD] (IRQs 5 9 10 *11)
[    0.497007] SCSI subsystem initialized
[    0.499033] pci 0000:00:02.0: vgaarb: setting as boot VGA device
[    0.499033] pci 0000:00:02.0: vgaarb: VGA device added: decodes=io+mem,owns=io+mem,locks=none
[    0.500020] pci 0000:00:02.0: vgaarb: bridge control possible
[    0.504005] vgaarb: loaded
[    0.505516] ACPI: bus type USB registered
[    0.507492] usbcore: registered new interface driver usbfs
[    0.508026] usbcore: registered new interface driver hub
[    0.512019] usbcore: registered new device driver usb
[    0.514466] EDAC MC: Ver: 3.0.0
[    0.516563] PCI: Using ACPI for IRQ routing
[    0.520663] NetLabel: Initializing
[    0.522279] NetLabel:  domain hash size = 128
[    0.524004] NetLabel:  protocols = UNLABELED CIPSOv4 CALIPSO
[    0.526617] NetLabel:  unlabeled traffic allowed by default
[    0.528284] clocksource: Switched to clocksource kvm-clock
[    0.596901] VFS: Disk quotas dquot_6.6.0
[    0.599573] VFS: Dquot-cache hash table entries: 512 (order 0, 4096 bytes)
[    0.603665] AppArmor: AppArmor Filesystem Enabled
[    0.606536] pnp: PnP ACPI init
[    0.613415] pnp: PnP ACPI: found 3 devices
[    0.637930] clocksource: acpi_pm: mask: 0xffffff max_cycles: 0xffffff, max_idle_ns: 2085701024 ns
[    0.643575] NET: Registered protocol family 2
[    0.647195] TCP established hash table entries: 8192 (order: 4, 65536 bytes)
[    0.651433] TCP bind hash table entries: 8192 (order: 5, 131072 bytes)
[    0.659176] TCP: Hash tables configured (established 8192 bind 8192)
[    0.666073] UDP hash table entries: 512 (order: 2, 16384 bytes)
[    0.669522] UDP-Lite hash table entries: 512 (order: 2, 16384 bytes)
[    0.673191] NET: Registered protocol family 1
[    0.675802] pci 0000:00:00.0: Limiting direct PCI/PCI transfers
[    0.679302] pci 0000:00:01.0: Activating ISA DMA hang workarounds
[    0.683221] pci 0000:00:02.0: Video device with shadowed ROM at [mem 0x000c0000-0x000dffff]
[    0.688228] Unpacking initramfs...
[    1.684178] Freeing initrd memory: 19520K
[    1.687094] clocksource: tsc: mask: 0xffffffffffffffff max_cycles: 0x21139d127d2, max_idle_ns: 440795239963 ns
[    1.692869] platform rtc_cmos: registered platform RTC device (no PNP device found)
[    1.698049] Scanning for low memory corruption every 60 seconds
[    1.703291] Initialise system trusted keyrings
[    1.705865] Key type blacklist registered
[    1.708511] workingset: timestamp_bits=36 max_order=18 bucket_order=0
[    1.716334] zbud: loaded
[    1.719569] squashfs: version 4.0 (2009/01/31) Phillip Lougher
[    1.722799] fuse init (API version 7.26)
[    1.730369] Key type asymmetric registered
[    1.733124] Asymmetric key parser 'x509' registered
[    1.735888] Block layer SCSI generic (bsg) driver version 0.4 loaded (major 246)
[    1.740528] io scheduler noop registered
[    1.742858] io scheduler deadline registered
[    1.745710] io scheduler cfq registered (default)
[    1.749218] ACPI: AC Adapter [AC] (on-line)
[    1.751898] input: Power Button as /devices/LNXSYSTM:00/LNXPWRBN:00/input/input0
[    1.756522] ACPI: Power Button [PWRF]
[    1.759245] input: Sleep Button as /devices/LNXSYSTM:00/LNXSLPBN:00/input/input1
[    1.763881] ACPI: Sleep Button [SLPF]
[    1.768440] Serial: 8250/16550 driver, 32 ports, IRQ sharing enabled
[    1.770897] ACPI: Battery Slot [BAT0] (battery present)
[    1.796936] 00:02: ttyS0 at I/O 0x3f8 (irq = 4, base_baud = 115200) is a 16550A
[    1.808616] Linux agpgart interface v0.103
[    1.816430] loop: module loaded
[    1.820362] scsi host0: ata_piix
[    1.822966] scsi host1: ata_piix
[    1.826099] ata1: PATA max UDMA/33 cmd 0x1f0 ctl 0x3f6 bmdma 0xd000 irq 14
[    1.830003] ata2: PATA max UDMA/33 cmd 0x170 ctl 0x376 bmdma 0xd008 irq 15
[    1.834849] libphy: Fixed MDIO Bus: probed
[    1.837283] tun: Universal TUN/TAP device driver, 1.6
[    1.841127] PPP generic driver version 2.4.2
[    1.844118] ehci_hcd: USB 2.0 'Enhanced' Host Controller (EHCI) Driver
[    1.848344] ehci-pci: EHCI PCI platform driver
[    1.851389] ehci-platform: EHCI generic platform driver
[    1.854577] ohci_hcd: USB 1.1 'Open' Host Controller (OHCI) Driver
[    1.858709] ohci-pci: OHCI PCI platform driver
[    1.861521] ohci-platform: OHCI generic platform driver
[    1.864589] uhci_hcd: USB Universal Host Controller Interface driver
[    1.868578] i8042: PNP: PS/2 Controller [PNP0303:PS2K,PNP0f03:PS2M] at 0x60,0x64 irq 1,12
[    1.875452] serio: i8042 KBD port at 0x60,0x64 irq 1
[    1.878440] serio: i8042 AUX port at 0x60,0x64 irq 12
[    1.882047] mousedev: PS/2 mouse device common for all mice
[    1.886673] input: AT Translated Set 2 keyboard as /devices/platform/i8042/serio0/input/input2
[    1.892348] rtc_cmos rtc_cmos: rtc core: registered rtc_cmos as rtc0
[    1.895920] rtc_cmos rtc_cmos: alarms up to one day, 114 bytes nvram
[    1.898957] i2c /dev entries driver
[    1.900833] device-mapper: uevent: version 1.0.3
[    1.903071] device-mapper: ioctl: 4.37.0-ioctl (2017-09-20) initialised: dm-devel@redhat.com
[    1.907638] ledtrig-cpu: registered to indicate activity on CPUs
[    1.911234] NET: Registered protocol family 10
[    1.932715] Segment Routing with IPv6
[    1.934506] NET: Registered protocol family 17
[    1.936775] Key type dns_resolver registered
[    1.939009] mce: Using 0 MCE banks
[    1.941178] RAS: Correctable Errors collector initialized.
[    1.943603] sched_clock: Marking stable (1941129650, 0)->(2523525939, -582396289)
[    1.947838] registered taskstats version 1
[    1.949877] Loading compiled-in X.509 certificates
[    1.957164] Loaded X.509 cert 'Build time autogenerated kernel key: 94c1dbbf9057c249d34783f9fbd868815acc6f0a'
[    1.962914] Loaded X.509 cert 'Canonical Ltd. Live Patch Signing: 14df34d1a87cf37625abec039ef2bf521249b969'
[    1.968907] Loaded X.509 cert 'Canonical Ltd. Kernel Module Signing: 88f752e560a1e0737e31163a466ad7b70a850c19'
[    1.973650] zswap: loaded using pool lzo/zbud
[    1.984213] Key type big_key registered
[    1.986186] Key type trusted registered
[    2.006713] Key type encrypted registered
[    2.009388] AppArmor: AppArmor sha1 policy hashing enabled
[    2.012809] ima: No TPM chip found, activating TPM-bypass! (rc=-19)
[    2.016691] ima: Allocated hash algorithm: sha1
[    2.019316] evm: HMAC attrs: 0x1
[    2.021965]   Magic number: 1:826:352
[    2.024425] rtc_cmos rtc_cmos: setting system clock to 2021-04-15 23:19:24 UTC (1618528764)
[    2.028487] BIOS EDD facility v0.16 2004-Jun-25, 0 devices found
[    2.031062] EDD information not available.
[    2.047337] Freeing unused kernel image memory: 2444K
[    2.064591] Write protecting the kernel read-only data: 20480k
[    2.069039] Freeing unused kernel image memory: 2008K
[    2.072241] Freeing unused kernel image memory: 1828K
[    2.125568] x86/mm: Checked W+X mappings: passed, no W+X pages found.
[    2.129544] x86/mm: Checking user space page tables
[    2.183974] x86/mm: Checked W+X mappings: passed, no W+X pages found.
Loading, please wait...
starting version 237
[    2.382930] Fusion MPT base driver 3.04.20
[    2.385794] Copyright (c) 1999-2008 LSI Corporation
[    2.407296] e1000: Intel(R) PRO/1000 Network Driver - version 7.3.21-k8-NAPI
[    2.411498] e1000: Copyright (c) 1999-2006 Intel Corporation.
[    2.449650] Fusion MPT SPI Host driver 3.04.20
[    2.475388] AVX2 version of gcm_enc/dec engaged.
[    2.477849] AES CTR mode by8 optimization enabled
[    2.616832] input: ImExPS/2 Generic Explorer Mouse as /devices/platform/i8042/serio1/input/input4
[    3.011408] e1000 0000:00:03.0 eth0: (PCI:33MHz:32-bit) 02:e4:62:7a:03:98
[    3.015627] e1000 0000:00:03.0 eth0: Intel(R) PRO/1000 Network Connection
[    3.028234] mptbase: ioc0: Initiating bringup
[    3.028685] e1000 0000:00:03.0 enp0s3: renamed from eth0
[    3.423657] ioc0: LSI53C1030 A0: Capabilities={Initiator}
[    6.107569] scsi host2: ioc0: LSI53C1030 A0, FwRev=00000000h, Ports=1, MaxQ=256, IRQ=20
[    8.101135] scsi 2:0:0:0: Direct-Access     VBOX     HARDDISK         1.0  PQ: 0 ANSI: 5
[    8.140485] scsi target2:0:0: Beginning Domain Validation
[    8.147032] scsi target2:0:0: Domain Validation skipping write tests
[    8.150890] scsi target2:0:0: Ending Domain Validation
[    8.154220] scsi target2:0:0: asynchronous
[    8.158839] scsi 2:0:1:0: Direct-Access     VBOX     HARDDISK         1.0  PQ: 0 ANSI: 5
[    8.192171] scsi target2:0:1: Beginning Domain Validation
[    8.197184] random: fast init done
[    8.201629] scsi target2:0:1: Domain Validation skipping write tests
[    8.205455] scsi target2:0:1: Ending Domain Validation
[    8.210527] scsi target2:0:1: asynchronous
[    8.225569] random: systemd-udevd: uninitialized urandom read (16 bytes read)
[    8.225927] sd 2:0:0:0: Attached scsi generic sg0 type 0
[    8.234129] sd 2:0:0:0: [sda] 83886080 512-byte logical blocks: (42.9 GB/40.0 GiB)
[    8.243272] sd 2:0:1:0: Attached scsi generic sg1 type 0
[    8.251182] random: systemd-udevd: uninitialized urandom read (16 bytes read)
[    8.269073] sd 2:0:0:0: [sda] Write Protect is off
[    8.269505] sd 2:0:1:0: [sdb] 20480 512-byte logical blocks: (10.5 MB/10.0 MiB)
[    8.274700] random: systemd-udevd: uninitialized urandom read (16 bytes read)
[    8.282432] sd 2:0:0:0: [sda] Incomplete mode parameter data
[    8.292113] sd 2:0:1:0: [sdb] Write Protect is off
[    8.302083] sd 2:0:0:0: [sda] Assuming drive cache: write through
[    8.311429] sd 2:0:1:0: [sdb] Incomplete mode parameter data
[    8.314995] sd 2:0:1:0: [sdb] Assuming drive cache: write through
[    8.320174]  sda: sda1
[    8.323424] sd 2:0:1:0: [sdb] Attached SCSI disk
[    8.326862] sd 2:0:0:0: [sda] Attached SCSI disk
Begin: Loading essential drivers ... [   11.116241] raid6: sse2x1   gen()  1882 MB/s
[   11.164123] raid6: sse2x1   xor()  1207 MB/s
[   11.212066] raid6: sse2x2   gen()  3381 MB/s
[   11.263957] raid6: sse2x2   xor()  1810 MB/s
[   11.312481] raid6: sse2x4   gen()  5249 MB/s
[   11.360365] raid6: sse2x4   xor()  3021 MB/s
[   11.416043] raid6: avx2x1   gen()  3395 MB/s
[   11.464136] raid6: avx2x1   xor()  2111 MB/s
[   11.512117] raid6: avx2x2   gen()  6162 MB/s
[   11.560477] raid6: avx2x2   xor()  3723 MB/s
[   11.608298] raid6: avx2x4   gen()  8860 MB/s
[   11.656140] raid6: avx2x4   xor()  4913 MB/s
[   11.658693] raid6: using algorithm avx2x4 gen() 8860 MB/s
[   11.662194] raid6: .... xor() 4913 MB/s, rmw enabled
[   11.664967] raid6: using avx2x2 recovery algorithm
[   11.671117] xor: automatically using best checksumming function   avx       
[   11.678109] async_tx: api initialized (async)
done.
Begin: Running /scripts/init-premount ... done.
Begin: Mounting root file system ... Begin: Running /scripts/local-top ... done.
Begin: Running /scripts/local-premount ... [   11.847657] Btrfs loaded, crc32c=crc32c-intel
Scanning for Btrfs filesystems
done.
Warning: fsck not present, so skipping root file system
[   11.931593] EXT4-fs (sda1): mounted filesystem with ordered data mode. Opts: (null)
done.
Begin: Running /scripts/local-bottom ... done.
Begin: Running /scripts/init-bottom ... done.
[   12.294030] ip_tables: (C) 2000-2006 Netfilter Core Team
[   12.320347] systemd[1]: systemd 237 running in system mode. (+PAM +AUDIT +SELINUX +IMA +APPARMOR +SMACK +SYSVINIT +UTMP +LIBCRYPTSETUP +GCRYPT +GNUTLS +ACL +XZ +LZ4 +SECCOMP +BLKID +ELFUTILS +KMOD -IDN2 +IDN -PCRE2 default-hierarchy=hybrid)
[   12.332707] systemd[1]: Detected virtualization oracle.
[   12.335711] systemd[1]: Detected architecture x86-64.

Welcome to [1mUbuntu 18.04.5 LTS[0m!

[   12.351236] systemd[1]: Set hostname to <ubuntu>.
[   12.360485] systemd[1]: Initializing machine ID from random generator.
[   12.364617] systemd[1]: Installed transient /etc/machine-id file.
[   12.829016] systemd[1]: Reached target Swap.
[[0;32m  OK  [0m] Reached target Swap.
[   12.833900] systemd[1]: Reached target User and Group Name Lookups.
[[0;32m  OK  [0m] Reached target User and Group Name Lookups.
[   12.840424] systemd[1]: Started Forward Password Requests to Wall Directory Watch.
[[0;32m  OK  [0m] Started Forward Password Requests to Wall Directory Watch.
[   12.847865] systemd[1]: Reached target System Time Synchronized.
[[0;32m  OK  [0m] Reached target System Time Synchronized.
[[0;32m  OK  [0m] Set up automount Arbitrary Executab…rmats File System Automount Point.
[[0;32m  OK  [0m] Created slice User and Session Slice.
[[0;32m  OK  [0m] Created slice System Slice.
[[0;32m  OK  [0m] Listening on Journal Audit Socket.
[[0;32m  OK  [0m] Listening on Network Service Netlink Socket.
[[0;32m  OK  [0m] Listening on Syslog Socket.
[[0;32m  OK  [0m] Reached target Slices.
[[0;32m  OK  [0m] Listening on Device-mapper event daemon FIFOs.
[[0;32m  OK  [0m] Listening on udev Control Socket.
[[0;32m  OK  [0m] Listening on fsck to fsckd communication Socket.
[[0;32m  OK  [0m] Created slice system-serial\x2dgetty.slice.
[[0;32m  OK  [0m] Listening on udev Kernel Socket.
[[0;32m  OK  [0m] Listening on /dev/initctl Compatibility Named Pipe.
[[0;32m  OK  [0m] Listening on Journal Socket.
         Starting Load Kernel Modules...
         Starting File System Check on Root Device...
         Starting udev Coldplug all Devices...
         Mounting POSIX Message Queue File System...
         Mounting Huge Pages File System...
         Mounting Kernel Debug File System...
[   12.986576] Loading iSCSI transport class v2.0-870.
         Starting Uncomplicated firewall...
[[0;32m  OK  [0m] Listening on LVM2 poll daemon socket.
         Starting Create list of required st…ce nodes for the current kernel...
[[0;32m  OK  [0m] Listening on LVM2 metadata daemon socket.
         Starting Monitoring of LVM2 mirrors…ng dmeventd or progress polling...
         Starting Set the console keyboard layout...
[[0;32m  OK  [0m] Listening on Journal Socket (/dev/log).
         Starting Journal Service...
[[0;32m  OK  [0m] Started File System Check on Root Device.
[[0;32m  OK  [0m] Mounted POSIX Message Queue File System.
[[0;32m  OK  [0m] Mounted Huge Pages File System.
[[0;32m  OK  [0m] Mounted Kernel Debug File System.
[[0;32m  OK  [0m] Started Uncomplicated firewall.
[[0;32m  OK  [0m] Started Create list of required sta…vice nodes for the current kernel.
[[0;32m  OK  [0m] Started File System Check Daemon to report status.
         Starting Create Static Device Nodes in /dev...
         Starting Remount Root and Kernel File Systems...
[[0;32m  OK  [0m] Started LVM2 metadata daemon.
[   13.148430] iscsi: registered transport (tcp)
[[0;32m  OK  [0m] Started Create Static Device Nodes in /dev.
[   13.258755] EXT4-fs (sda1): re-mounted. Opts: (null)
[[0;32m  OK  [0m] Started Remount Root and Kernel File Systems.
         Starting udev Kernel Device Manager...
         Starting Load/Save Random Seed...
[[0;32m  OK  [0m] Started udev Coldplug all Devices.
[[0;32m  OK  [0m] Started Monitoring of LVM2 mirrors,…sing dmeventd or progress polling.
[[0;32m  OK  [0m] Started Journal Service.
         Starting Flush Journal to Persistent Storage...
[[0;32m  OK  [0m] Started udev Kernel Device Manager.
[[0;32m  OK  [0m] Started Load/Save Random Seed.
[   13.445436] systemd-journald[412]: Received request to flush runtime journal from PID 1
[[0;32m  OK  [0m] Started Flush Journal to Persistent Storage.
[   13.546704] iscsi: registered transport (iser)
[[0;32m  OK  [0m] Started Load Kernel Modules.
         Mounting Kernel Configuration File System...
         Mounting FUSE Control File System...
         Starting Apply Kernel Variables...
[[0;32m  OK  [0m] Mounted FUSE Control File System.
[[0;32m  OK  [0m] Mounted Kernel Configuration File System.
[[0;32m  OK  [0m] Started Apply Kernel Variables.
[[0;32m  OK  [0m] Found device /dev/ttyS0.
[[0;32m  OK  [0m] Listening on Load/Save RF Kill Switch Status /dev/rfkill Watch.
[[0;32m  OK  [0m] Started Set the console keyboard layout.
[[0;32m  OK  [0m] Reached target Local File Systems (Pre).
[[0;32m  OK  [0m] Reached target Local File Systems.
         Starting ebtables ruleset management...
         Starting Commit a transient machine-id on disk...
         Starting Tell Plymouth To Write Out Runtime Data...
         Starting Set console font and keymap...
         Starting Create Volatile Files and Directories...
         Starting AppArmor initialization...
[[0;32m  OK  [0m] Started Dispatch Password Requests to Console Directory Watch.
[[0;32m  OK  [0m] Reached target Local Encrypted Volumes.
[[0;32m  OK  [0m] Started Tell Plymouth To Write Out Runtime Data.
[[0;32m  OK  [0m] Started Set console font and keymap.
[[0;32m  OK  [0m] Started Create Volatile Files and Directories.
         Starting Update UTMP about System Boot/Shutdown...
[[0;32m  OK  [0m] Started Update UTMP about System Boot/Shutdown.
[[0;32m  OK  [0m] Started Commit a transient machine-id on disk.
[[0;32m  OK  [0m] Started ebtables ruleset management.
[[0;32m  OK  [0m] Started AppArmor initialization.
         Starting Load AppArmor profiles managed internally by snapd...
         Starting Initial cloud-init job (pre-networking)...
[[0;32m  OK  [0m] Started Load AppArmor profiles managed internally by snapd.
[   25.002770] cloud-init[630]: Cloud-init v. 20.4.1-0ubuntu1~18.04.1 running 'init-local' at Thu, 15 Apr 2021 23:19:46 +0000. Up 23.93 seconds.
[[0;32m  OK  [0m] Started Initial cloud-init job (pre-networking).
[[0;32m  OK  [0m] Reached target Network (Pre).
         Starting Network Service...
[[0;32m  OK  [0m] Started Network Service.
         Starting Network Name Resolution...
         Starting Wait for Network to be Configured...
[[0;32m  OK  [0m] Started Network Name Resolution.
[[0;32m  OK  [0m] Reached target Host and Network Name Lookups.
[[0;32m  OK  [0m] Reached target Network.
[[0;32m  OK  [0m] Started Wait for Network to be Configured.
         Starting Initial cloud-init job (metadata service crawler)...
[   28.683130] cloud-init[740]: Cloud-init v. 20.4.1-0ubuntu1~18.04.1 running 'init' at Thu, 15 Apr 2021 23:19:50 +0000. Up 28.19 seconds.
[   28.687885] cloud-init[740]: ci-info: +++++++++++++++++++++++++++++++++++++Net device info++++++++++++++++++++++++++++++++++++++
[   28.691782] cloud-init[740]: ci-info: +--------+------+---------------------------+---------------+--------+-------------------+
[   28.694880] cloud-init[740]: ci-info: | Device |  Up  |          Address          |      Mask     | Scope  |     Hw-Address    |
[   28.698674] cloud-init[740]: ci-info: +--------+------+---------------------------+---------------+--------+-------------------+
[   28.702193] cloud-init[740]: ci-info: | enp0s3 | True |         10.0.2.15         | 255.255.255.0 | global | 02:e4:62:7a:03:98 |
[   28.706203] cloud-init[740]: ci-info: | enp0s3 | True | fe80::e4:62ff:fe7a:398/64 |       .       |  link  | 02:e4:62:7a:03:98 |
[   28.709986] cloud-init[740]: ci-info: |   lo   | True |         127.0.0.1         |   255.0.0.0   |  host  |         .         |
[   28.713777] cloud-init[740]: ci-info: |   lo   | True |          ::1/128          |       .       |  host  |         .         |
[   28.717366] cloud-init[740]: ci-info: +--------+------+---------------------------+---------------+--------+-------------------+
[   28.720991] cloud-init[740]: ci-info: ++++++++++++++++++++++++++++Route IPv4 info+++++++++++++++++++++++++++++
[   28.723606] cloud-init[740]: ci-info: +-------+-------------+----------+-----------------+-----------+-------+
[   28.726550] cloud-init[740]: ci-info: | Route | Destination | Gateway  |     Genmask     | Interface | Flags |
[   28.729598] cloud-init[740]: ci-info: +-------+-------------+----------+-----------------+-----------+-------+
[   28.732748] cloud-init[740]: ci-info: |   0   |   0.0.0.0   | 10.0.2.2 |     0.0.0.0     |   enp0s3  |   UG  |
[   28.735538] cloud-init[740]: ci-info: |   1   |   10.0.2.0  | 0.0.0.0  |  255.255.255.0  |   enp0s3  |   U   |
[   28.738655] cloud-init[740]: ci-info: |   2   |   10.0.2.2  | 0.0.0.0  | 255.255.255.255 |   enp0s3  |   UH  |
[   28.741944] cloud-init[740]: ci-info: +-------+-------------+----------+-----------------+-----------+-------+
[   28.744749] cloud-init[740]: ci-info: +++++++++++++++++++Route IPv6 info+++++++++++++++++++
[   28.747379] cloud-init[740]: ci-info: +-------+-------------+---------+-----------+-------+
[   28.750394] cloud-init[740]: ci-info: | Route | Destination | Gateway | Interface | Flags |
[   28.753073] cloud-init[740]: ci-info: +-------+-------------+---------+-----------+-------+
[   28.755838] cloud-init[740]: ci-info: |   1   |  fe80::/64  |    ::   |   enp0s3  |   U   |
[   28.758098] cloud-init[740]: ci-info: |   3   |    local    |    ::   |   enp0s3  |   U   |
[   28.760661] cloud-init[740]: ci-info: |   4   |   ff00::/8  |    ::   |   enp0s3  |   U   |
[   28.762878] cloud-init[740]: ci-info: +-------+-------------+---------+-----------+-------+
[   30.401743] cloud-init[740]: Generating public/private rsa key pair.
[   30.407169] cloud-init[740]: Your identification has been saved in /etc/ssh/ssh_host_rsa_key.
[   30.411670] cloud-init[740]: Your public key has been saved in /etc/ssh/ssh_host_rsa_key.pub.
[   30.415489] cloud-init[740]: The key fingerprint is:
[   30.417865] cloud-init[740]: SHA256:oX1oO7hQKazSjhHeTXjFHB14lJNOHH9YUbwNExqjAfU root@ubuntu-bionic
[   30.432632] cloud-init[740]: The key's randomart image is:
[   30.435472] cloud-init[740]: +---[RSA 2048]----+
[   30.438793] cloud-init[740]: |       .**B oo=o |
[   30.443309] cloud-init[740]: |      o..O.+o+o. |
[   30.446166] cloud-init[740]: |       += ooE. oo|
[   30.449339] cloud-init[740]: |   .. .+ +  .  ..|
[   30.451978] cloud-init[740]: |.  .oo+ S .      |
[   30.455439] cloud-init[740]: |.o..+o o o       |
[   30.457790] cloud-init[740]: |o.o.... o        |
[   30.460191] cloud-init[740]: | =   . . .       |
[   30.463096] cloud-init[740]: |. .   .          |
[   30.465241] cloud-init[740]: +----[SHA256]-----+
[   30.467906] cloud-init[740]: Generating public/private dsa key pair.
[   30.472651] cloud-init[740]: Your identification has been saved in /etc/ssh/ssh_host_dsa_key.
[   30.488409] cloud-init[740]: Your public key has been saved in /etc/ssh/ssh_host_dsa_key.pub.
[   30.492522] cloud-init[740]: The key fingerprint is:
[   30.494884] cloud-init[740]: SHA256:H/tZP36NioOwaplBDwD4I6ISaoQveaXTio4gX6ZQZ3w root@ubuntu-bionic
[   30.498803] cloud-init[740]: The key's randomart image is:
[   30.501628] cloud-init[740]: +---[DSA 1024]----+
[   30.516773] cloud-init[740]: |o.               |
[   30.522670] cloud-init[740]: |. .              |
[   30.525871] cloud-init[740]: |.. .             |
[   30.528891] cloud-init[740]: |=.o.+            |
[   30.531350] cloud-init[740]: |==.*+oE S .      |
[   30.534103] cloud-init[740]: |*o=oo.o  . o     |
[   30.542319] cloud-init[740]: |*+ oo+ o .o   ...|
[   30.546869] cloud-init[740]: |=o.++ . . .o o.oo|
[   30.552473] cloud-init[740]: |o.o...    ..+...+|
[   30.559094] cloud-init[740]: +----[SHA256]-----+
[   30.561714] cloud-init[740]: Generating public/private ecdsa key pair.
[   30.564224] cloud-init[740]: Your identification has been saved in /etc/ssh/ssh_host_ecdsa_key.
[   30.568566] cloud-init[740]: Your public key has been saved in /etc/ssh/ssh_host_ecdsa_key.pub.
[   30.575664] cloud-init[740]: The key fingerprint is:
[   30.583003] cloud-init[740]: SHA256:NXCiLZlmfjLXmONS9YNx31lCqfTVchEZ14X7Z09Wasg root@ubuntu-bionic
[   30.592015] cloud-init[740]: The key's randomart image is:
[   30.594970] cloud-init[740]: +---[ECDSA 256]---+
[   30.597793] cloud-init[740]: |        o .   .*@|
[   30.600508] cloud-init[740]: |       = +  ..+.*|
[   30.602932] cloud-init[740]: |      B . =..o.=.|
[[0;32m  OK  [0m] Started Initial cloud-init job (metadata service crawler).
[   30.610116] [[0;32m  OK  [0m] Reached target System Initialization.
[[0;32m  OK  [0m] Listening on UUID daemon activation socket.
cloud-init[740]: |     + . * *..oo+|
[   30.615004] cloud-init[740]: [[0;32m  OK  [0m] Started Message of the Day.
|      + S o.o..+o|
[   30.619441] cloud-init[740]:          Starting LXD - unix socket.
[[0;32m  OK  [0m] Started Daily Cleanup of Temporary Directories.
|       B .  E.o *|
[   30.626102] cloud-init[740]: |      . .    . +o|
[   30.627733] cloud-init[740]: |       .        .|
[   30.629874] cloud-init[740]: |                 |
[[0;32m  OK  [0m] Listening on ACPID Listen Socket.
[   30.646380] [[0;32m  OK  [0m] Started Daily apt download activities.
cloud-init[740]: +----[SHA256]-----+
[[0;32m  OK  [0m] Started Daily apt upgrade and clean activities.
[   30.656073] cloud-init[740]: Generating public/private ed25519 key pair.
[   30.659628] [cloud-init[0;32m  OK  [0m[740]: ] Your identification has been saved in /etc/ssh/ssh_host_ed25519_key.Started ACPI Events Check.

[[0;32m  OK  [0m] Reached target Paths.
[   30.678329] [[0;32m  OK  [0m] Started Discard unused blocks once a week.
[[0;32m  OK  [0m] Reached target Timers.
[cloud-init[740]: Your public key has been saved in /etc/ssh/ssh_host_ed25519_key.pub.
[   30.685656] cloud-init[740]: The key fingerprint is:
[   30.685816] cloud-init[740]: SHA256:SiCgpbE74ZkWaX+Hc/SeUkjICeX9Zza2xVl8uCMI1eE root@ubuntu-bionic
[0;32m  OK  [0m] Listening on Open-iSCSI iscsid Socket.
[   30.685966] cloud-init[740]: The key's randomart image is:
[[0;32m  OK  [0m] Listening on D-Bus System Message Bus Socket.
[   30.707540] cloud-init[740]: +--[ED25519 256]--+
[   30.711807] cloud-init[740]: |o ....    ....   |
[   30.715347] cloud-init[740]: |.*. + +  . .. .. |
         Starting Socket activation for snappy daemon.
[[0;32m  OK  [0m] Reached target Cloud-config availability.
[[0;32m  OK  [0m] Reached target Network is Online.
[   30.722277] cloud-init[740]: |=+. .= +.   E .o.|
[[0;32m  OK  [0m] Reached target Remote File Systems (Pre).
[   30.739262] cloud-init[740]: |oo=. .+ +. .. o..|
[[0;32m  OK  [0m] Reached target Remote File Systems.
[   30.743396] cloud-init[740]: |o= . +.+S+.*.+o  |
         Starting Availability of block devices...
[[0;32m  OK  [0m] Listening on LXD - unix socket.
[[0;32m  OK  [0m] Listening on Socket activation for snappy daemon.
[   30.758514] [[0;32m  OK  [0m] Reached target Sockets.
[[0;32m  OK  [0m] Reached target Basic System.
         Starting Permit User Sessions...
cloud-init[740]: [[0;32m  OK  [0m] Started D-Bus System Message Bus.
|..  ..+.o * +. . |
[   30.778208] cloud-init[740]: |      .. o .     |
[   30.781365] cloud-init[740]: |        .        |
[   30.802126] cloud-init[740]: |                 |
[   30.825069] cloud-init[740]: +----[SHA256]-----+
[[0;32m  OK  [0m] Started Deferred execution scheduler.
         Starting LSB: automatic crash report generation...
         Starting Virtualbox guest utils...
         Starting Accounts Service...
[[0;32m  OK  [0m] Started irqbalance daemon.
         Starting Login Service...
[[0;32m  OK  [0m] Started FUSE filesystem for LXC.
         Starting Dispatcher daemon for systemd-networkd...
         Starting Pollinate to seed the pseudo random number generator...
[[0;32m  OK  [0m] Started Regular background program processing daemon.
         Starting LXD - container startup/shutdown...
         Starting LSB: Record successful boot for GRUB...
         Starting System Logging Service...
         Starting Snap Daemon...
[[0;32m  OK  [0m] Started System Logging Service.
[[0;32m  OK  [0m] Started Availability of block devices.
[[0;32m  OK  [0m] Started Permit User Sessions.
         Starting Hold until boot process finishes up...
         Starting Terminate Plymouth Boot Screen...
[[0;32m  OK  [0m] Started Terminate Plymouth Boot Screen.
[[0;32m  OK  [0m] Started Login Service.
[[0;32m  OK  [0m] Started Unattended Upgrades Shutdown.
[[0;32m  OK  [0m] Started Hold until boot process finishes up.
         Starting Set console scheme...
[[0;32m  OK  [0m] Started Serial Getty on ttyS0.
         Starting Authorization Manager...
[[0;32m  OK  [0m] Started Set console scheme.
[[0;32m  OK  [0m] Started LSB: automatic crash report generation.
[[0;32m  OK  [0m] Created slice system-getty.slice.
[[0;32m  OK  [0m] Started Getty on tty1.
[[0;32m  OK  [0m] Reached target Login Prompts.
[[0;32m  OK  [0m] Started LSB: Record successful boot for GRUB.
[[0;32m  OK  [0m] Started Authorization Manager.
[[0;32m  OK  [0m] Started Accounts Service.
[[0;32m  OK  [0m] Started Virtualbox guest utils.
[[0;32m  OK  [0m] Started Dispatcher daemon for systemd-networkd.
[[0;32m  OK  [0m] Started LXD - container startup/shutdown.
[[0;32m  OK  [0m] Started Snap Daemon.
         Starting Wait until snapd is fully seeded...
[[0;32m  OK  [0m] Started Pollinate to seed the pseudo random number generator.
         Starting OpenBSD Secure Shell server...
[[0;32m  OK  [0m] Started OpenBSD Secure Shell server.
[[0;32m  OK  [0m] Created slice User Slice of vagrant.
[[0;32m  OK  [0m] Started Session 1 of user vagrant.
         Starting User Manager for UID 1000...
[[0;32m  OK  [0m] Started User Manager for UID 1000.

Ubuntu 18.04.5 LTS ubuntu-bionic ttyS0

ubuntu-bionic login: [   45.490967] cloud-init[1184]: Cloud-init v. 20.4.1-0ubuntu1~18.04.1 running 'modules:config' at Thu, 15 Apr 2021 23:20:03 +0000. Up 41.40 seconds.
ci-info: no authorized SSH keys fingerprints found for user ubuntu.
<14>Apr 15 23:20:11 ec2: 
<14>Apr 15 23:20:11 ec2: #############################################################
<14>Apr 15 23:20:11 ec2: -----BEGIN SSH HOST KEY FINGERPRINTS-----
<14>Apr 15 23:20:11 ec2: 1024 SHA256:H/tZP36NioOwaplBDwD4I6ISaoQveaXTio4gX6ZQZ3w root@ubuntu-bionic (DSA)
<14>Apr 15 23:20:11 ec2: 256 SHA256:NXCiLZlmfjLXmONS9YNx31lCqfTVchEZ14X7Z09Wasg root@ubuntu-bionic (ECDSA)
<14>Apr 15 23:20:11 ec2: 256 SHA256:SiCgpbE74ZkWaX+Hc/SeUkjICeX9Zza2xVl8uCMI1eE root@ubuntu-bionic (ED25519)
<14>Apr 15 23:20:11 ec2: 2048 SHA256:oX1oO7hQKazSjhHeTXjFHB14lJNOHH9YUbwNExqjAfU root@ubuntu-bionic (RSA)
<14>Apr 15 23:20:11 ec2: -----END SSH HOST KEY FINGERPRINTS-----
<14>Apr 15 23:20:11 ec2: #############################################################
-----BEGIN SSH HOST KEY KEYS-----
ecdsa-sha2-nistp256 AAAAE2VjZHNhLXNoYTItbmlzdHAyNTYAAAAIbmlzdHAyNTYAAABBBPW+Excc3N3zjCINaLdePKIIt+KyiBSg6bKigXc3CAkfejiRsGCCCh6sBTKg+ioyi+dMhqgfErWMxcQHsdo+jm4= root@ubuntu-bionic
ssh-ed25519 AAAAC3NzaC1lZDI1NTE5AAAAIOKKWpEU0PJ3AWniWyW1imHHHZymWe1edi01/PGzSoRH root@ubuntu-bionic
ssh-rsa AAAAB3NzaC1yc2EAAAADAQABAAABAQDAl2tv42z1iR90bHMNzXasJxeZ7gryvJ1EpGMxMEzi3quvPhMG/hAKzezKT7fY9UNUa6+UwLo8okXDKBgRlQuvqLG2vQ+4zEWew1ElUoHJYiza3FUNUJ5dRQsLjFQOl/xvzwSmvRZmDG1ANRkKvlJv996KUeOeHZhTrN5sW0bjINC9F2GNlrSf2bdWKrv4cfgKYcZzRYwKjKyRpcAtcLafNC6vbyY5zyiQymnxbzaf288073ylgXgKcBiz3ZBwjf15TqDgjd5iUdM+N0D/4GsD8giL1JOIQwZXlzca/PiosXyu4Q0AStOBNGPfIXo4MtDep+8fBpg8Ap3cxMVo+Mot root@ubuntu-bionic
-----END SSH HOST KEY KEYS-----
[   49.492021] cloud-init[1314]: Cloud-init v. 20.4.1-0ubuntu1~18.04.1 running 'modules:final' at Thu, 15 Apr 2021 23:20:11 +0000. Up 48.64 seconds.
[   49.513288] cloud-init[1314]: ci-info: no authorized SSH keys fingerprints found for user ubuntu.
[   49.515123] cloud-init[1314]: Cloud-init v. 20.4.1-0ubuntu1~18.04.1 finished at Thu, 15 Apr 2021 23:20:11 +0000. Datasource DataSourceNoCloud [seed=/dev/sdb][dsmode=net].  Up 49.45 seconds
